1507
6
##start
start 0 1
##end
end 1 0
0 0 0
1 1 1
2 2 2
3 3 3
4 4 4
5 5 5
6 6 6
7 7 7
8 8 8
9 9 9
start-0
start-3
start-4
end-4
end-2
end-7
0-4
0-9
0-1
0-3
1-2
2-8
2-4
3-6
4-9
5-4
6-3
6-9
6-7
6-0
6-5
6-3
7-1
7-9
8-1
8-6
9-1

Paths found:
0: ->0->4->end
1: ->0->9->4->end
2: ->0->1->2->end
3: ->0->3->6->9->4->end
4: ->0->4->2->end
5: ->0->4->2->1->7->end
6: ->0->4->2->8->1->7->end
7: ->0->4->2->1->8->6->9->7->end
8: ->0->4->2->1->8->6->7->end
9: ->0->4->2->1->9->7->end
10: ->0->4->2->1->9->6->7->end
11: ->0->4->2->8->1->9->7->end
12: ->0->4->2->8->1->9->6->7->end
13: ->0->4->2->8->6->9->7->end
14: ->0->4->2->8->6->7->end
15: ->0->4->2->8->6->9->1->7->end
16: ->0->4->9->7->end
17: ->0->4->9->1->2->end
18: ->0->4->9->6->7->end
19: ->0->4->9->6->8->2->end
20: ->0->4->9->6->7->1->2->end
21: ->0->4->9->6->7->1->8->2->end
22: ->0->4->9->6->8->1->2->end
23: ->0->4->9->6->8->2->1->7->end
24: ->0->4->9->6->8->1->7->end
25: ->0->4->9->7->1->2->end
26: ->0->4->9->7->6->8->2->end
27: ->0->4->9->7->6->8->1->2->end
28: ->0->4->9->7->1->8->2->end
29: ->0->4->9->1->7->end
30: ->0->4->9->1->8->2->end
31: ->0->4->9->1->2->8->6->7->end
32: ->0->4->9->1->7->6->8->2->end
33: ->0->4->9->1->8->6->7->end
34: ->0->4->5->6->9->7->end
35: ->0->4->5->6->7->end
36: ->0->4->5->6->8->2->end
37: ->0->4->5->6->9->1->2->end
38: ->0->4->5->6->9->7->1->2->end
39: ->0->4->5->6->9->7->1->8->2->end
40: ->0->4->5->6->9->1->7->end
41: ->0->4->5->6->9->1->8->2->end
42: ->0->4->5->6->7->1->2->end
43: ->0->4->5->6->7->9->1->2->end
44: ->0->4->5->6->7->1->8->2->end
45: ->0->4->5->6->7->9->1->8->2->end
46: ->0->4->5->6->8->1->2->end
47: ->0->4->5->6->8->2->1->7->end
48: ->0->4->5->6->8->2->1->9->7->end
49: ->0->4->5->6->8->1->7->end
50: ->0->4->5->6->8->1->9->7->end
51: ->0->9->7->end
52: ->0->9->1->2->end
53: ->0->9->4->2->end
54: ->0->9->4->2->1->7->end
55: ->0->9->4->2->8->1->7->end
56: ->0->9->4->2->1->8->6->7->end
57: ->0->9->4->2->8->6->7->end
58: ->0->9->4->5->6->7->end
59: ->0->9->4->5->6->8->2->end
60: ->0->9->4->5->6->7->1->2->end
61: ->0->9->4->5->6->7->1->8->2->end
62: ->0->9->4->5->6->8->1->2->end
63: ->0->9->4->5->6->8->2->1->7->end
64: ->0->9->4->5->6->8->1->7->end
65: ->0->9->6->7->end
66: ->0->9->6->5->4->end
67: ->0->9->6->8->2->end
68: ->0->9->6->7->1->2->end
69: ->0->9->6->7->1->8->2->end
70: ->0->9->6->7->1->2->4->end
71: ->0->9->6->7->1->8->2->4->end
72: ->0->9->6->5->4->2->end
73: ->0->9->6->5->4->2->1->7->end
74: ->0->9->6->5->4->2->8->1->7->end
75: ->0->9->6->8->1->2->end
76: ->0->9->6->8->2->1->7->end
77: ->0->9->6->8->2->4->end
78: ->0->9->6->8->1->7->end
79: ->0->9->6->8->1->2->4->end
80: ->0->9->7->1->2->end
81: ->0->9->7->6->5->4->end
82: ->0->9->7->6->8->2->end
83: ->0->9->7->6->5->4->2->end
84: ->0->9->7->6->8->1->2->end
85: ->0->9->7->6->8->2->4->end
86: ->0->9->7->6->8->1->2->4->end
87: ->0->9->7->1->8->2->end
88: ->0->9->7->1->2->4->end
89: ->0->9->7->1->2->8->6->5->4->end
90: ->0->9->7->1->8->2->4->end
91: ->0->9->7->1->8->6->5->4->end
92: ->0->9->7->1->8->6->5->4->2->end
93: ->0->9->1->7->end
94: ->0->9->1->8->2->end
95: ->0->9->1->2->4->end
96: ->0->9->1->2->8->6->7->end
97: ->0->9->1->2->8->6->5->4->end
98: ->0->9->1->2->4->5->6->7->end
99: ->0->9->1->7->6->5->4->end
100: ->0->9->1->7->6->8->2->end
101: ->0->9->1->7->6->5->4->2->end
102: ->0->9->1->7->6->8->2->4->end
103: ->0->9->1->8->2->4->end
104: ->0->9->1->8->2->4->5->6->7->end
105: ->0->9->1->8->6->7->end
106: ->0->9->1->8->6->5->4->end
107: ->0->9->1->8->6->5->4->2->end
108: ->0->1->7->end
109: ->0->1->8->2->end
110: ->0->1->9->4->end
111: ->0->1->2->4->end
112: ->0->1->2->8->6->9->4->end
113: ->0->1->2->8->6->7->end
114: ->0->1->2->8->6->5->4->end
115: ->0->1->2->8->6->9->7->end
116: ->0->1->2->8->6->7->9->4->end
117: ->0->1->2->8->6->5->4->9->7->end
118: ->0->1->2->4->9->7->end
119: ->0->1->2->4->9->6->7->end
120: ->0->1->2->4->5->6->9->7->end
121: ->0->1->2->4->5->6->7->end
122: ->0->1->7->9->4->end
123: ->0->1->7->6->9->4->end
124: ->0->1->7->6->5->4->end
125: ->0->1->7->6->8->2->end
126: ->0->1->7->6->9->4->2->end
127: ->0->1->7->6->5->4->2->end
128: ->0->1->7->6->8->2->4->end
129: ->0->1->7->9->4->2->end
130: ->0->1->7->9->4->5->6->8->2->end
131: ->0->1->7->9->6->5->4->end
132: ->0->1->7->9->6->8->2->end
133: ->0->1->7->9->6->5->4->2->end
134: ->0->1->7->9->6->8->2->4->end
135: ->0->1->8->2->4->end
136: ->0->1->8->2->4->9->7->end
137: ->0->1->8->2->4->9->6->7->end
138: ->0->1->8->2->4->5->6->9->7->end
139: ->0->1->8->2->4->5->6->7->end
140: ->0->1->8->6->9->4->end
141: ->0->1->8->6->7->end
142: ->0->1->8->6->5->4->end
143: ->0->1->8->6->9->7->end
144: ->0->1->8->6->9->4->2->end
145: ->0->1->8->6->7->9->4->end
146: ->0->1->8->6->7->9->4->2->end
147: ->0->1->8->6->5->4->2->end
148: ->0->1->8->6->5->4->9->7->end
149: ->0->1->9->7->end
150: ->0->1->9->4->2->end
151: ->0->1->9->4->2->8->6->7->end
152: ->0->1->9->4->5->6->7->end
153: ->0->1->9->4->5->6->8->2->end
154: ->0->1->9->6->7->end
155: ->0->1->9->6->5->4->end
156: ->0->1->9->6->8->2->end
157: ->0->1->9->6->5->4->2->end
158: ->0->1->9->6->8->2->4->end
159: ->0->1->9->7->6->5->4->end
160: ->0->1->9->7->6->8->2->end
161: ->0->1->9->7->6->5->4->2->end
162: ->0->1->9->7->6->8->2->4->end
163: ->0->3->6->7->end
164: ->0->3->6->5->4->end
165: ->0->3->6->8->2->end
166: ->0->3->6->9->7->end
167: ->0->3->6->9->1->2->end
168: ->0->3->6->9->4->2->end
169: ->0->3->6->9->4->2->1->7->end
170: ->0->3->6->9->4->2->8->1->7->end
171: ->0->3->6->9->7->1->2->end
172: ->0->3->6->9->7->1->8->2->end
173: ->0->3->6->9->7->1->2->4->end
174: ->0->3->6->9->7->1->8->2->4->end
175: ->0->3->6->9->1->7->end
176: ->0->3->6->9->1->8->2->end
177: ->0->3->6->9->1->2->4->end
178: ->0->3->6->9->1->8->2->4->end
179: ->0->3->6->7->1->2->end
180: ->0->3->6->7->9->4->end
181: ->0->3->6->7->1->8->2->end
182: ->0->3->6->7->1->9->4->end
183: ->0->3->6->7->1->2->4->end
184: ->0->3->6->7->1->8->2->4->end
185: ->0->3->6->7->1->9->4->2->end
186: ->0->3->6->7->9->1->2->end
187: ->0->3->6->7->9->4->2->end
188: ->0->3->6->7->9->1->8->2->end
189: ->0->3->6->7->9->1->2->4->end
190: ->0->3->6->7->9->1->8->2->4->end
191: ->0->3->6->5->4->2->end
192: ->0->3->6->5->4->9->7->end
193: ->0->3->6->5->4->2->1->7->end
194: ->0->3->6->5->4->2->8->1->7->end
195: ->0->3->6->5->4->2->1->9->7->end
196: ->0->3->6->5->4->2->8->1->9->7->end
197: ->0->3->6->5->4->9->1->2->end
198: ->0->3->6->5->4->9->7->1->2->end
199: ->0->3->6->5->4->9->7->1->8->2->end
200: ->0->3->6->5->4->9->1->7->end
201: ->0->3->6->5->4->9->1->8->2->end
202: ->0->3->6->8->1->2->end
203: ->0->3->6->8->2->1->7->end
204: ->0->3->6->8->2->4->end
205: ->0->3->6->8->2->1->9->4->end
206: ->0->3->6->8->2->1->7->9->4->end
207: ->0->3->6->8->2->1->9->7->end
208: ->0->3->6->8->2->4->9->7->end
209: ->0->3->6->8->2->4->9->1->7->end
210: ->0->3->6->8->1->7->end
211: ->0->3->6->8->1->9->4->end
212: ->0->3->6->8->1->2->4->end
213: ->0->3->6->8->1->2->4->9->7->end
214: ->0->3->6->8->1->7->9->4->end
215: ->0->3->6->8->1->7->9->4->2->end
216: ->0->3->6->8->1->9->7->end
217: ->0->3->6->8->1->9->4->2->end
218: ->0->6->9->4->end
219: ->0->6->7->end
220: ->0->6->5->4->end
221: ->0->6->8->2->end
222: ->0->6->9->7->end
223: ->0->6->9->1->2->end
224: ->0->6->9->4->2->end
225: ->0->6->9->4->2->1->7->end
226: ->0->6->9->4->2->8->1->7->end
227: ->0->6->9->7->1->2->end
228: ->0->6->9->7->1->8->2->end
229: ->0->6->9->7->1->2->4->end
230: ->0->6->9->7->1->8->2->4->end
231: ->0->6->9->1->7->end
232: ->0->6->9->1->8->2->end
233: ->0->6->9->1->2->4->end
234: ->0->6->9->1->8->2->4->end
235: ->0->6->7->1->2->end
236: ->0->6->7->9->4->end
237: ->0->6->7->1->8->2->end
238: ->0->6->7->1->9->4->end
239: ->0->6->7->1->2->4->end
240: ->0->6->7->1->8->2->4->end
241: ->0->6->7->1->9->4->2->end
242: ->0->6->7->9->1->2->end
243: ->0->6->7->9->4->2->end
244: ->0->6->7->9->1->8->2->end
245: ->0->6->7->9->1->2->4->end
246: ->0->6->7->9->1->8->2->4->end
247: ->0->6->5->4->2->end
248: ->0->6->5->4->9->7->end
249: ->0->6->5->4->2->1->7->end
250: ->0->6->5->4->2->8->1->7->end
251: ->0->6->5->4->2->1->9->7->end
252: ->0->6->5->4->2->8->1->9->7->end
253: ->0->6->5->4->9->1->2->end
254: ->0->6->5->4->9->7->1->2->end
255: ->0->6->5->4->9->7->1->8->2->end
256: ->0->6->5->4->9->1->7->end
257: ->0->6->5->4->9->1->8->2->end
258: ->0->6->8->1->2->end
259: ->0->6->8->2->1->7->end
260: ->0->6->8->2->4->end
261: ->0->6->8->2->1->9->4->end
262: ->0->6->8->2->1->7->9->4->end
263: ->0->6->8->2->1->9->7->end
264: ->0->6->8->2->4->9->7->end
265: ->0->6->8->2->4->9->1->7->end
266: ->0->6->8->1->7->end
267: ->0->6->8->1->9->4->end
268: ->0->6->8->1->2->4->end
269: ->0->6->8->1->2->4->9->7->end
270: ->0->6->8->1->7->9->4->end
271: ->0->6->8->1->7->9->4->2->end
272: ->0->6->8->1->9->7->end
273: ->0->6->8->1->9->4->2->end
274: ->3->0->4->end
275: ->3->6->9->0->4->end
276: ->3->0->9->4->end
277: ->3->0->1->2->end
278: ->3->0->6->9->4->end
279: ->3->0->4->2->end
280: ->3->0->4->9->6->7->end
281: ->3->0->4->5->6->9->7->end
282: ->3->0->4->2->1->7->end
283: ->3->0->4->2->8->1->7->end
284: ->3->0->4->2->1->8->6->9->7->end
285: ->3->0->4->2->1->9->6->7->end
286: ->3->0->4->2->1->8->6->7->end
287: ->3->0->4->2->1->9->7->end
288: ->3->0->4->2->8->6->9->7->end
289: ->3->0->4->2->8->1->9->6->7->end
290: ->3->0->4->2->8->1->9->7->end
291: ->3->0->4->2->8->6->7->end
292: ->3->0->4->2->8->6->9->1->7->end
293: ->3->0->4->9->7->end
294: ->3->0->4->9->1->2->end
295: ->3->0->4->9->6->8->2->end
296: ->3->0->4->9->6->7->1->2->end
297: ->3->0->4->9->6->7->1->8->2->end
298: ->3->0->4->9->6->8->1->2->end
299: ->3->0->4->9->6->8->2->1->7->end
300: ->3->0->4->9->6->8->1->7->end
301: ->3->0->4->9->7->1->2->end
302: ->3->0->4->9->7->6->8->2->end
303: ->3->0->4->9->7->6->8->1->2->end
304: ->3->0->4->9->7->1->8->2->end
305: ->3->0->4->9->1->7->end
306: ->3->0->4->9->1->8->2->end
307: ->3->0->4->9->1->2->8->6->7->end
308: ->3->0->4->9->1->7->6->8->2->end
309: ->3->0->4->9->1->8->6->7->end
310: ->3->0->4->5->6->7->end
311: ->3->0->4->5->6->8->2->end
312: ->3->0->4->5->6->9->1->2->end
313: ->3->0->4->5->6->9->7->1->2->end
314: ->3->0->4->5->6->9->7->1->8->2->end
315: ->3->0->4->5->6->9->1->7->end
316: ->3->0->4->5->6->9->1->8->2->end
317: ->3->0->4->5->6->7->1->2->end
318: ->3->0->4->5->6->7->9->1->2->end
319: ->3->0->4->5->6->7->1->8->2->end
320: ->3->0->4->5->6->7->9->1->8->2->end
321: ->3->0->4->5->6->8->1->2->end
322: ->3->0->4->5->6->8->2->1->7->end
323: ->3->0->4->5->6->8->2->1->9->7->end
324: ->3->0->4->5->6->8->1->7->end
325: ->3->0->4->5->6->8->1->9->7->end
326: ->3->0->9->6->7->end
327: ->3->0->9->7->end
328: ->3->0->9->1->2->end
329: ->3->0->9->4->2->end
330: ->3->0->9->4->5->6->7->end
331: ->3->0->9->4->2->1->7->end
332: ->3->0->9->4->2->8->1->7->end
333: ->3->0->9->4->2->1->8->6->7->end
334: ->3->0->9->4->2->8->6->7->end
335: ->3->0->9->4->5->6->8->2->end
336: ->3->0->9->4->5->6->7->1->2->end
337: ->3->0->9->4->5->6->7->1->8->2->end
338: ->3->0->9->4->5->6->8->1->2->end
339: ->3->0->9->4->5->6->8->2->1->7->end
340: ->3->0->9->4->5->6->8->1->7->end
341: ->3->0->9->6->5->4->end
342: ->3->0->9->6->8->2->end
343: ->3->0->9->6->7->1->2->end
344: ->3->0->9->6->7->1->8->2->end
345: ->3->0->9->6->7->1->2->4->end
346: ->3->0->9->6->7->1->8->2->4->end
347: ->3->0->9->6->5->4->2->end
348: ->3->0->9->6->5->4->2->1->7->end
349: ->3->0->9->6->5->4->2->8->1->7->end
350: ->3->0->9->6->8->1->2->end
351: ->3->0->9->6->8->2->1->7->end
352: ->3->0->9->6->8->2->4->end
353: ->3->0->9->6->8->1->7->end
354: ->3->0->9->6->8->1->2->4->end
355: ->3->0->9->7->6->5->4->end
356: ->3->0->9->7->1->2->end
357: ->3->0->9->7->6->8->2->end
358: ->3->0->9->7->6->5->4->2->end
359: ->3->0->9->7->6->8->1->2->end
360: ->3->0->9->7->6->8->2->4->end
361: ->3->0->9->7->6->8->1->2->4->end
362: ->3->0->9->7->1->8->2->end
363: ->3->0->9->7->1->2->8->6->5->4->end
364: ->3->0->9->7->1->2->4->end
365: ->3->0->9->7->1->8->6->5->4->end
366: ->3->0->9->7->1->8->2->4->end
367: ->3->0->9->7->1->8->6->5->4->2->end
368: ->3->0->9->1->7->end
369: ->3->0->9->1->8->2->end
370: ->3->0->9->1->2->8->6->7->end
371: ->3->0->9->1->2->4->end
372: ->3->0->9->1->2->8->6->5->4->end
373: ->3->0->9->1->2->4->5->6->7->end
374: ->3->0->9->1->7->6->5->4->end
375: ->3->0->9->1->7->6->8->2->end
376: ->3->0->9->1->7->6->5->4->2->end
377: ->3->0->9->1->7->6->8->2->4->end
378: ->3->0->9->1->8->6->7->end
379: ->3->0->9->1->8->2->4->end
380: ->3->0->9->1->8->2->4->5->6->7->end
381: ->3->0->9->1->8->6->5->4->end
382: ->3->0->9->1->8->6->5->4->2->end
383: ->3->0->1->7->end
384: ->3->0->1->8->2->end
385: ->3->0->1->9->4->end
386: ->3->0->1->2->8->6->9->4->end
387: ->3->0->1->2->4->end
388: ->3->0->1->2->8->6->7->end
389: ->3->0->1->2->8->6->5->4->end
390: ->3->0->1->2->8->6->9->7->end
391: ->3->0->1->2->8->6->7->9->4->end
392: ->3->0->1->2->8->6->5->4->9->7->end
393: ->3->0->1->2->4->9->6->7->end
394: ->3->0->1->2->4->5->6->9->7->end
395: ->3->0->1->2->4->9->7->end
396: ->3->0->1->2->4->5->6->7->end
397: ->3->0->1->7->6->9->4->end
398: ->3->0->1->7->9->4->end
399: ->3->0->1->7->6->5->4->end
400: ->3->0->1->7->6->8->2->end
401: ->3->0->1->7->6->9->4->2->end
402: ->3->0->1->7->6->5->4->2->end
403: ->3->0->1->7->6->8->2->4->end
404: ->3->0->1->7->9->6->5->4->end
405: ->3->0->1->7->9->4->2->end
406: ->3->0->1->7->9->4->5->6->8->2->end
407: ->3->0->1->7->9->6->8->2->end
408: ->3->0->1->7->9->6->5->4->2->end
409: ->3->0->1->7->9->6->8->2->4->end
410: ->3->0->1->8->6->9->4->end
411: ->3->0->1->8->2->4->end
412: ->3->0->1->8->2->4->9->6->7->end
413: ->3->0->1->8->2->4->5->6->9->7->end
414: ->3->0->1->8->2->4->9->7->end
415: ->3->0->1->8->2->4->5->6->7->end
416: ->3->0->1->8->6->7->end
417: ->3->0->1->8->6->5->4->end
418: ->3->0->1->8->6->9->7->end
419: ->3->0->1->8->6->9->4->2->end
420: ->3->0->1->8->6->7->9->4->end
421: ->3->0->1->8->6->7->9->4->2->end
422: ->3->0->1->8->6->5->4->2->end
423: ->3->0->1->8->6->5->4->9->7->end
424: ->3->0->1->9->6->7->end
425: ->3->0->1->9->7->end
426: ->3->0->1->9->4->2->end
427: ->3->0->1->9->4->5->6->7->end
428: ->3->0->1->9->4->2->8->6->7->end
429: ->3->0->1->9->4->5->6->8->2->end
430: ->3->0->1->9->6->5->4->end
431: ->3->0->1->9->6->8->2->end
432: ->3->0->1->9->6->5->4->2->end
433: ->3->0->1->9->6->8->2->4->end
434: ->3->0->1->9->7->6->5->4->end
435: ->3->0->1->9->7->6->8->2->end
436: ->3->0->1->9->7->6->5->4->2->end
437: ->3->0->1->9->7->6->8->2->4->end
438: ->3->0->6->7->end
439: ->3->0->6->5->4->end
440: ->3->0->6->8->2->end
441: ->3->0->6->9->7->end
442: ->3->0->6->9->1->2->end
443: ->3->0->6->9->4->2->end
444: ->3->0->6->9->4->2->1->7->end
445: ->3->0->6->9->4->2->8->1->7->end
446: ->3->0->6->9->7->1->2->end
447: ->3->0->6->9->7->1->8->2->end
448: ->3->0->6->9->7->1->2->4->end
449: ->3->0->6->9->7->1->8->2->4->end
450: ->3->0->6->9->1->7->end
451: ->3->0->6->9->1->8->2->end
452: ->3->0->6->9->1->2->4->end
453: ->3->0->6->9->1->8->2->4->end
454: ->3->0->6->7->1->2->end
455: ->3->0->6->7->9->4->end
456: ->3->0->6->7->1->8->2->end
457: ->3->0->6->7->1->9->4->end
458: ->3->0->6->7->1->2->4->end
459: ->3->0->6->7->1->8->2->4->end
460: ->3->0->6->7->1->9->4->2->end
461: ->3->0->6->7->9->1->2->end
462: ->3->0->6->7->9->4->2->end
463: ->3->0->6->7->9->1->8->2->end
464: ->3->0->6->7->9->1->2->4->end
465: ->3->0->6->7->9->1->8->2->4->end
466: ->3->0->6->5->4->2->end
467: ->3->0->6->5->4->9->7->end
468: ->3->0->6->5->4->2->1->7->end
469: ->3->0->6->5->4->2->8->1->7->end
470: ->3->0->6->5->4->2->1->9->7->end
471: ->3->0->6->5->4->2->8->1->9->7->end
472: ->3->0->6->5->4->9->1->2->end
473: ->3->0->6->5->4->9->7->1->2->end
474: ->3->0->6->5->4->9->7->1->8->2->end
475: ->3->0->6->5->4->9->1->7->end
476: ->3->0->6->5->4->9->1->8->2->end
477: ->3->0->6->8->1->2->end
478: ->3->0->6->8->2->1->7->end
479: ->3->0->6->8->2->4->end
480: ->3->0->6->8->2->1->9->4->end
481: ->3->0->6->8->2->1->7->9->4->end
482: ->3->0->6->8->2->1->9->7->end
483: ->3->0->6->8->2->4->9->7->end
484: ->3->0->6->8->2->4->9->1->7->end
485: ->3->0->6->8->1->7->end
486: ->3->0->6->8->1->9->4->end
487: ->3->0->6->8->1->2->4->end
488: ->3->0->6->8->1->2->4->9->7->end
489: ->3->0->6->8->1->7->9->4->end
490: ->3->0->6->8->1->7->9->4->2->end
491: ->3->0->6->8->1->9->7->end
492: ->3->0->6->8->1->9->4->2->end
493: ->3->6->7->end
494: ->3->6->0->4->end
495: ->3->6->5->4->end
496: ->3->6->8->2->end
497: ->3->6->9->4->end
498: ->3->6->9->7->end
499: ->3->6->9->1->0->4->end
500: ->3->6->9->0->1->2->end
501: ->3->6->9->0->4->2->end
502: ->3->6->9->0->4->2->1->7->end
503: ->3->6->9->0->4->2->8->1->7->end
504: ->3->6->9->0->1->7->end
505: ->3->6->9->0->1->8->2->end
506: ->3->6->9->0->1->2->4->end
507: ->3->6->9->0->1->8->2->4->end
508: ->3->6->9->4->0->1->2->end
509: ->3->6->9->4->2->end
510: ->3->6->9->4->0->1->7->end
511: ->3->6->9->4->0->1->8->2->end
512: ->3->6->9->4->2->1->7->end
513: ->3->6->9->4->2->8->1->7->end
514: ->3->6->9->7->1->0->4->end
515: ->3->6->9->7->1->2->end
516: ->3->6->9->7->1->8->2->end
517: ->3->6->9->7->1->0->4->2->end
518: ->3->6->9->7->1->2->4->end
519: ->3->6->9->7->1->8->2->4->end
520: ->3->6->9->1->2->end
521: ->3->6->9->1->7->end
522: ->3->6->9->1->8->2->end
523: ->3->6->9->1->0->4->2->end
524: ->3->6->9->1->2->4->end
525: ->3->6->9->1->8->2->4->end
526: ->3->6->7->1->0->4->end
527: ->3->6->7->9->0->4->end
528: ->3->6->7->1->2->end
529: ->3->6->7->1->8->2->end
530: ->3->6->7->1->9->0->4->end
531: ->3->6->7->1->0->9->4->end
532: ->3->6->7->1->0->4->2->end
533: ->3->6->7->1->0->9->4->2->end
534: ->3->6->7->1->2->4->end
535: ->3->6->7->1->8->2->4->end
536: ->3->6->7->1->9->4->end
537: ->3->6->7->1->9->0->4->2->end
538: ->3->6->7->1->9->4->2->end
539: ->3->6->7->9->4->end
540: ->3->6->7->9->1->0->4->end
541: ->3->6->7->9->0->1->2->end
542: ->3->6->7->9->0->4->2->end
543: ->3->6->7->9->0->1->8->2->end
544: ->3->6->7->9->0->1->2->4->end
545: ->3->6->7->9->0->1->8->2->4->end
546: ->3->6->7->9->4->0->1->2->end
547: ->3->6->7->9->4->2->end
548: ->3->6->7->9->4->0->1->8->2->end
549: ->3->6->7->9->1->2->end
550: ->3->6->7->9->1->8->2->end
551: ->3->6->7->9->1->0->4->2->end
552: ->3->6->7->9->1->2->4->end
553: ->3->6->7->9->1->8->2->4->end
554: ->3->6->0->9->4->end
555: ->3->6->0->1->2->end
556: ->3->6->0->4->2->end
557: ->3->6->0->4->9->7->end
558: ->3->6->0->4->2->1->7->end
559: ->3->6->0->4->2->8->1->7->end
560: ->3->6->0->4->2->1->9->7->end
561: ->3->6->0->4->2->8->1->9->7->end
562: ->3->6->0->4->9->1->2->end
563: ->3->6->0->4->9->7->1->2->end
564: ->3->6->0->4->9->7->1->8->2->end
565: ->3->6->0->4->9->1->7->end
566: ->3->6->0->4->9->1->8->2->end
567: ->3->6->0->9->7->end
568: ->3->6->0->9->1->2->end
569: ->3->6->0->9->4->2->end
570: ->3->6->0->9->4->2->1->7->end
571: ->3->6->0->9->4->2->8->1->7->end
572: ->3->6->0->9->7->1->2->end
573: ->3->6->0->9->7->1->8->2->end
574: ->3->6->0->9->7->1->2->4->end
575: ->3->6->0->9->7->1->8->2->4->end
576: ->3->6->0->9->1->7->end
577: ->3->6->0->9->1->8->2->end
578: ->3->6->0->9->1->2->4->end
579: ->3->6->0->9->1->8->2->4->end
580: ->3->6->0->1->7->end
581: ->3->6->0->1->8->2->end
582: ->3->6->0->1->9->4->end
583: ->3->6->0->1->2->4->end
584: ->3->6->0->1->2->4->9->7->end
585: ->3->6->0->1->7->9->4->end
586: ->3->6->0->1->7->9->4->2->end
587: ->3->6->0->1->8->2->4->end
588: ->3->6->0->1->8->2->4->9->7->end
589: ->3->6->0->1->9->7->end
590: ->3->6->0->1->9->4->2->end
591: ->3->6->5->4->0->9->7->end
592: ->3->6->5->4->2->end
593: ->3->6->5->4->9->0->1->2->end
594: ->3->6->5->4->0->1->2->end
595: ->3->6->5->4->0->9->1->2->end
596: ->3->6->5->4->0->9->7->1->2->end
597: ->3->6->5->4->0->9->7->1->8->2->end
598: ->3->6->5->4->0->9->1->7->end
599: ->3->6->5->4->0->9->1->8->2->end
600: ->3->6->5->4->0->1->7->end
601: ->3->6->5->4->0->1->8->2->end
602: ->3->6->5->4->0->1->9->7->end
603: ->3->6->5->4->2->1->0->9->7->end
604: ->3->6->5->4->2->8->1->0->9->7->end
605: ->3->6->5->4->2->1->7->end
606: ->3->6->5->4->2->1->9->7->end
607: ->3->6->5->4->2->8->1->7->end
608: ->3->6->5->4->2->8->1->9->7->end
609: ->3->6->5->4->9->7->end
610: ->3->6->5->4->9->0->1->7->end
611: ->3->6->5->4->9->0->1->8->2->end
612: ->3->6->5->4->9->7->1->2->end
613: ->3->6->5->4->9->7->1->8->2->end
614: ->3->6->5->4->9->1->2->end
615: ->3->6->5->4->9->1->7->end
616: ->3->6->5->4->9->1->8->2->end
617: ->3->6->8->1->0->4->end
618: ->3->6->8->2->1->0->4->end
619: ->3->6->8->2->4->end
620: ->3->6->8->2->1->7->end
621: ->3->6->8->2->1->9->0->4->end
622: ->3->6->8->2->1->0->9->4->end
623: ->3->6->8->2->1->0->4->9->7->end
624: ->3->6->8->2->1->0->9->7->end
625: ->3->6->8->2->1->7->9->0->4->end
626: ->3->6->8->2->1->7->9->4->end
627: ->3->6->8->2->1->9->4->end
628: ->3->6->8->2->1->9->7->end
629: ->3->6->8->2->4->0->9->7->end
630: ->3->6->8->2->4->9->0->1->7->end
631: ->3->6->8->2->4->0->1->7->end
632: ->3->6->8->2->4->0->9->1->7->end
633: ->3->6->8->2->4->0->1->9->7->end
634: ->3->6->8->2->4->9->7->end
635: ->3->6->8->2->4->9->1->7->end
636: ->3->6->8->1->2->end
637: ->3->6->8->1->7->end
638: ->3->6->8->1->9->0->4->end
639: ->3->6->8->1->0->9->4->end
640: ->3->6->8->1->0->4->2->end
641: ->3->6->8->1->0->4->9->7->end
642: ->3->6->8->1->0->9->7->end
643: ->3->6->8->1->0->9->4->2->end
644: ->3->6->8->1->2->4->end
645: ->3->6->8->1->2->4->0->9->7->end
646: ->3->6->8->1->2->4->9->7->end
647: ->3->6->8->1->7->9->0->4->end
648: ->3->6->8->1->7->9->4->end
649: ->3->6->8->1->7->9->0->4->2->end
650: ->3->6->8->1->7->9->4->2->end
651: ->3->6->8->1->9->4->end
652: ->3->6->8->1->9->7->end
653: ->3->6->8->1->9->0->4->2->end
654: ->3->6->8->1->9->4->2->end
655: ->4->end
656: ->4->2->end
657: ->4->9->0->1->2->end
658: ->4->5->6->3->0->9->7->end
659: ->4->0->1->2->end
660: ->4->0->3->6->9->7->end
661: ->4->0->9->7->end
662: ->4->0->9->1->2->end
663: ->4->0->9->6->7->end
664: ->4->0->9->6->8->2->end
665: ->4->0->9->6->7->1->2->end
666: ->4->0->9->6->7->1->8->2->end
667: ->4->0->9->6->8->1->2->end
668: ->4->0->9->6->8->2->1->7->end
669: ->4->0->9->6->8->1->7->end
670: ->4->0->9->7->1->2->end
671: ->4->0->9->7->6->8->2->end
672: ->4->0->9->7->6->8->1->2->end
673: ->4->0->9->7->1->8->2->end
674: ->4->0->9->1->7->end
675: ->4->0->9->1->8->2->end
676: ->4->0->9->1->2->8->6->7->end
677: ->4->0->9->1->7->6->8->2->end
678: ->4->0->9->1->8->6->7->end
679: ->4->0->1->7->end
680: ->4->0->1->8->2->end
681: ->4->0->1->2->8->6->9->7->end
682: ->4->0->1->2->8->6->7->end
683: ->4->0->1->7->6->8->2->end
684: ->4->0->1->7->9->6->8->2->end
685: ->4->0->1->8->6->9->7->end
686: ->4->0->1->8->6->7->end
687: ->4->0->1->9->7->end
688: ->4->0->1->9->6->7->end
689: ->4->0->1->9->6->8->2->end
690: ->4->0->1->9->7->6->8->2->end
691: ->4->0->3->6->7->end
692: ->4->0->3->6->8->2->end
693: ->4->0->3->6->9->1->2->end
694: ->4->0->3->6->9->7->1->2->end
695: ->4->0->3->6->9->7->1->8->2->end
696: ->4->0->3->6->9->1->7->end
697: ->4->0->3->6->9->1->8->2->end
698: ->4->0->3->6->7->1->2->end
699: ->4->0->3->6->7->9->1->2->end
700: ->4->0->3->6->7->1->8->2->end
701: ->4->0->3->6->7->9->1->8->2->end
702: ->4->0->3->6->8->1->2->end
703: ->4->0->3->6->8->2->1->7->end
704: ->4->0->3->6->8->2->1->9->7->end
705: ->4->0->3->6->8->1->7->end
706: ->4->0->3->6->8->1->9->7->end
707: ->4->0->6->9->7->end
708: ->4->0->6->7->end
709: ->4->0->6->8->2->end
710: ->4->0->6->9->1->2->end
711: ->4->0->6->9->7->1->2->end
712: ->4->0->6->9->7->1->8->2->end
713: ->4->0->6->9->1->7->end
714: ->4->0->6->9->1->8->2->end
715: ->4->0->6->7->1->2->end
716: ->4->0->6->7->9->1->2->end
717: ->4->0->6->7->1->8->2->end
718: ->4->0->6->7->9->1->8->2->end
719: ->4->0->6->8->1->2->end
720: ->4->0->6->8->2->1->7->end
721: ->4->0->6->8->2->1->9->7->end
722: ->4->0->6->8->1->7->end
723: ->4->0->6->8->1->9->7->end
724: ->4->2->1->7->end
725: ->4->2->1->8->6->3->0->9->7->end
726: ->4->2->1->9->0->3->6->7->end
727: ->4->2->1->0->3->6->9->7->end
728: ->4->2->1->0->9->7->end
729: ->4->2->1->0->9->6->7->end
730: ->4->2->1->0->3->6->7->end
731: ->4->2->1->0->6->9->7->end
732: ->4->2->1->0->6->7->end
733: ->4->2->1->8->6->7->end
734: ->4->2->1->8->6->0->9->7->end
735: ->4->2->1->8->6->9->7->end
736: ->4->2->1->9->7->end
737: ->4->2->1->9->0->6->7->end
738: ->4->2->1->9->6->7->end
739: ->4->2->8->6->3->0->9->7->end
740: ->4->2->8->1->7->end
741: ->4->2->8->1->9->0->3->6->7->end
742: ->4->2->8->1->0->3->6->9->7->end
743: ->4->2->8->1->0->9->7->end
744: ->4->2->8->1->0->9->6->7->end
745: ->4->2->8->1->0->3->6->7->end
746: ->4->2->8->1->0->6->9->7->end
747: ->4->2->8->1->0->6->7->end
748: ->4->2->8->1->9->7->end
749: ->4->2->8->1->9->0->6->7->end
750: ->4->2->8->1->9->6->7->end
751: ->4->2->8->6->9->0->1->7->end
752: ->4->2->8->6->7->end
753: ->4->2->8->6->0->9->7->end
754: ->4->2->8->6->3->0->1->7->end
755: ->4->2->8->6->3->0->9->1->7->end
756: ->4->2->8->6->3->0->1->9->7->end
757: ->4->2->8->6->9->7->end
758: ->4->2->8->6->9->1->7->end
759: ->4->2->8->6->0->1->7->end
760: ->4->2->8->6->0->9->1->7->end
761: ->4->2->8->6->0->1->9->7->end
762: ->4->9->6->3->0->1->2->end
763: ->4->9->7->end
764: ->4->9->1->0->3->6->7->end
765: ->4->9->0->3->6->7->end
766: ->4->9->0->1->7->end
767: ->4->9->0->1->8->2->end
768: ->4->9->0->1->2->8->6->7->end
769: ->4->9->0->1->7->6->8->2->end
770: ->4->9->0->1->8->6->7->end
771: ->4->9->0->3->6->8->2->end
772: ->4->9->0->3->6->7->1->2->end
773: ->4->9->0->3->6->7->1->8->2->end
774: ->4->9->0->3->6->8->1->2->end
775: ->4->9->0->3->6->8->2->1->7->end
776: ->4->9->0->3->6->8->1->7->end
777: ->4->9->0->6->7->end
778: ->4->9->0->6->8->2->end
779: ->4->9->0->6->7->1->2->end
780: ->4->9->0->6->7->1->8->2->end
781: ->4->9->0->6->8->1->2->end
782: ->4->9->0->6->8->2->1->7->end
783: ->4->9->0->6->8->1->7->end
784: ->4->9->6->7->end
785: ->4->9->6->0->1->2->end
786: ->4->9->6->8->2->end
787: ->4->9->6->3->0->1->7->end
788: ->4->9->6->3->0->1->8->2->end
789: ->4->9->6->7->1->2->end
790: ->4->9->6->7->1->8->2->end
791: ->4->9->6->0->1->7->end
792: ->4->9->6->0->1->8->2->end
793: ->4->9->6->8->2->1->7->end
794: ->4->9->6->8->1->2->end
795: ->4->9->6->8->1->7->end
796: ->4->9->7->6->3->0->1->2->end
797: ->4->9->7->6->0->1->2->end
798: ->4->9->7->6->8->2->end
799: ->4->9->7->6->3->0->1->8->2->end
800: ->4->9->7->6->0->1->8->2->end
801: ->4->9->7->6->8->1->2->end
802: ->4->9->7->1->2->end
803: ->4->9->7->1->8->2->end
804: ->4->9->7->1->0->3->6->8->2->end
805: ->4->9->7->1->0->6->8->2->end
806: ->4->9->1->2->end
807: ->4->9->1->7->end
808: ->4->9->1->8->2->end
809: ->4->9->1->0->3->6->8->2->end
810: ->4->9->1->0->6->7->end
811: ->4->9->1->0->6->8->2->end
812: ->4->9->1->2->8->6->7->end
813: ->4->9->1->7->6->8->2->end
814: ->4->9->1->8->6->7->end
815: ->4->5->6->9->0->1->2->end
816: ->4->5->6->7->end
817: ->4->5->6->0->9->7->end
818: ->4->5->6->8->2->end
819: ->4->5->6->3->0->1->2->end
820: ->4->5->6->3->0->9->1->2->end
821: ->4->5->6->3->0->9->7->1->2->end
822: ->4->5->6->3->0->9->7->1->8->2->end
823: ->4->5->6->3->0->9->1->7->end
824: ->4->5->6->3->0->9->1->8->2->end
825: ->4->5->6->3->0->1->7->end
826: ->4->5->6->3->0->1->8->2->end
827: ->4->5->6->3->0->1->9->7->end
828: ->4->5->6->9->7->end
829: ->4->5->6->9->0->1->7->end
830: ->4->5->6->9->0->1->8->2->end
831: ->4->5->6->9->7->1->2->end
832: ->4->5->6->9->7->1->8->2->end
833: ->4->5->6->9->1->2->end
834: ->4->5->6->9->1->7->end
835: ->4->5->6->9->1->8->2->end
836: ->4->5->6->7->9->0->1->2->end
837: ->4->5->6->7->1->2->end
838: ->4->5->6->7->1->8->2->end
839: ->4->5->6->7->9->0->1->8->2->end
840: ->4->5->6->7->9->1->2->end
841: ->4->5->6->7->9->1->8->2->end
842: ->4->5->6->0->1->2->end
843: ->4->5->6->0->9->1->2->end
844: ->4->5->6->0->9->7->1->2->end
845: ->4->5->6->0->9->7->1->8->2->end
846: ->4->5->6->0->9->1->7->end
847: ->4->5->6->0->9->1->8->2->end
848: ->4->5->6->0->1->7->end
849: ->4->5->6->0->1->8->2->end
850: ->4->5->6->0->1->9->7->end
851: ->4->5->6->8->1->0->9->7->end
852: ->4->5->6->8->2->1->0->9->7->end
853: ->4->5->6->8->2->1->7->end
854: ->4->5->6->8->2->1->9->7->end
855: ->4->5->6->8->1->2->end
856: ->4->5->6->8->1->7->end
857: ->4->5->6->8->1->9->7->end
_________________________
Decisions found:
#1:
->0->4->end
->3->6->7->end
#2:
->0->4->end
->3->6->8->2->end
#3:
->0->4->end
->3->6->9->7->end
#4:
->0->4->end
->3->6->9->7->1->2->end
#5:
->0->4->end
->3->6->9->7->1->8->2->end
#6:
->0->4->end
->3->6->9->1->2->end
#7:
->0->4->end
->3->6->9->1->7->end
#8:
->0->4->end
->3->6->9->1->8->2->end
#9:
->0->4->end
->3->6->7->1->2->end
#10:
->0->4->end
->3->6->7->1->8->2->end
#11:
->0->4->end
->3->6->7->9->1->2->end
#12:
->0->4->end
->3->6->7->9->1->8->2->end
#13:
->0->4->end
->3->6->8->2->1->7->end
#14:
->0->4->end
->3->6->8->2->1->9->7->end
#15:
->0->4->end
->3->6->8->1->2->end
#16:
->0->4->end
->3->6->8->1->7->end
#17:
->0->4->end
->3->6->8->1->9->7->end
#18:
->0->9->4->end
->3->6->7->end
#19:
->0->9->4->end
->3->6->8->2->end
#20:
->0->9->4->end
->3->6->7->1->2->end
#21:
->0->9->4->end
->3->6->7->1->8->2->end
#22:
->0->9->4->end
->3->6->8->2->1->7->end
#23:
->0->9->4->end
->3->6->8->1->2->end
#24:
->0->9->4->end
->3->6->8->1->7->end
#25:
->4->end
->3->6->7->end
->0->1->2->end
#26:
->0->1->2->end
->3->6->5->4->end
#27:
->0->1->2->end
->3->6->9->4->end
#28:
->4->end
->0->1->2->end
->3->6->9->7->end
#29:
->0->1->2->end
->3->6->7->9->4->end
#30:
->0->1->2->end
->3->6->5->4->9->7->end
#31:
->0->1->2->end
->4->9->7->end
#32:
->0->1->2->end
->4->9->6->7->end
#33:
->0->1->2->end
->4->5->6->7->end
#34:
->0->1->2->end
->4->5->6->9->7->end
#35:
->0->3->6->9->4->end
#36:
->0->4->2->end
->3->6->7->end
#37:
->0->4->2->end
->3->6->9->7->end
#38:
->0->4->2->end
->3->6->9->1->7->end
#39:
->0->4->2->end
->3->6->8->1->7->end
#40:
->0->4->2->end
->3->6->8->1->9->7->end
#41:
->0->4->2->1->7->end
#42:
->0->4->2->8->1->7->end
#43:
->0->4->2->1->8->6->9->7->end
#44:
->0->4->2->1->8->6->7->end
#45:
->0->4->2->1->9->7->end
#46:
->0->4->2->1->9->6->7->end
#47:
->0->4->2->8->1->9->7->end
#48:
->0->4->2->8->1->9->6->7->end
#49:
->0->4->2->8->6->9->7->end
#50:
->0->4->2->8->6->7->end
#51:
->0->4->2->8->6->9->1->7->end
#52:
->0->4->9->7->end
->3->6->8->2->end
#53:
->0->4->9->7->end
->3->6->8->1->2->end
#54:
->3->6->7->end
->0->4->9->1->2->end
#55:
->0->4->9->6->7->end
#56:
->0->4->9->6->8->2->end
#57:
->0->4->9->6->7->1->2->end
#58:
->0->4->9->6->7->1->8->2->end
#59:
->0->4->9->6->8->1->2->end
#60:
->0->4->9->6->8->2->1->7->end
#61:
->0->4->9->6->8->1->7->end
#62:
->0->4->9->7->1->2->end
#63:
->0->4->9->7->6->8->2->end
#64:
->0->4->9->7->6->8->1->2->end
#65:
->0->4->9->7->1->8->2->end
#66:
->3->6->8->2->end
->0->4->9->1->7->end
#67:
->3->6->7->end
->0->4->9->1->8->2->end
#68:
->0->4->9->1->2->8->6->7->end
#69:
->0->4->9->1->7->6->8->2->end
#70:
->0->4->9->1->8->6->7->end
#71:
->0->4->5->6->9->7->end
#72:
->0->4->5->6->7->end
#73:
->0->4->5->6->8->2->end
#74:
->0->4->5->6->9->1->2->end
#75:
->0->4->5->6->9->7->1->2->end
#76:
->0->4->5->6->9->7->1->8->2->end
#77:
->0->4->5->6->9->1->7->end
#78:
->0->4->5->6->9->1->8->2->end
#79:
->0->4->5->6->7->1->2->end
#80:
->0->4->5->6->7->9->1->2->end
#81:
->0->4->5->6->7->1->8->2->end
#82:
->0->4->5->6->7->9->1->8->2->end
#83:
->0->4->5->6->8->1->2->end
#84:
->0->4->5->6->8->2->1->7->end
#85:
->0->4->5->6->8->2->1->9->7->end
#86:
->0->4->5->6->8->1->7->end
#87:
->0->4->5->6->8->1->9->7->end
#88:
->0->9->7->end
->3->6->5->4->end
#89:
->4->end
->0->9->7->end
->3->6->8->2->end
#90:
->0->9->7->end
->3->6->5->4->2->end
#91:
->0->9->7->end
->3->6->8->2->4->end
#92:
->4->end
->0->9->7->end
->3->6->8->1->2->end
#93:
->0->9->7->end
->3->6->8->1->2->4->end
#94:
->4->2->end
->0->9->7->end
#95:
->0->9->7->end
->4->5->6->8->2->end
#96:
->0->9->7->end
->4->5->6->8->1->2->end
#97:
->4->end
->3->6->7->end
->0->9->1->2->end
#98:
->0->9->1->2->end
->3->6->5->4->end
#99:
->0->9->1->2->end
->4->5->6->7->end
#100:
->3->6->7->end
->0->9->4->2->end
#101:
->0->9->4->2->end
->3->6->8->1->7->end
#102:
->0->9->4->2->1->7->end
#103:
->0->9->4->2->8->1->7->end
#104:
->0->9->4->2->1->8->6->7->end
#105:
->0->9->4->2->8->6->7->end
#106:
->0->9->4->5->6->7->end
#107:
->0->9->4->5->6->8->2->end
#108:
->0->9->4->5->6->7->1->2->end
#109:
->0->9->4->5->6->7->1->8->2->end
#110:
->0->9->4->5->6->8->1->2->end
#111:
->0->9->4->5->6->8->2->1->7->end
#112:
->0->9->4->5->6->8->1->7->end
#113:
->4->end
->0->9->6->7->end
#114:
->4->2->end
->0->9->6->7->end
#115:
->0->9->6->5->4->end
#116:
->4->end
->0->9->6->8->2->end
#117:
->4->end
->0->9->6->7->1->2->end
#118:
->4->end
->0->9->6->7->1->8->2->end
#119:
->0->9->6->7->1->2->4->end
#120:
->0->9->6->7->1->8->2->4->end
#121:
->0->9->6->5->4->2->end
#122:
->0->9->6->5->4->2->1->7->end
#123:
->0->9->6->5->4->2->8->1->7->end
#124:
->4->end
->0->9->6->8->1->2->end
#125:
->4->end
->0->9->6->8->2->1->7->end
#126:
->0->9->6->8->2->4->end
#127:
->4->end
->0->9->6->8->1->7->end
#128:
->4->2->end
->0->9->6->8->1->7->end
#129:
->0->9->6->8->1->2->4->end
#130:
->3->6->5->4->end
->0->9->7->1->2->end
#131:
->4->end
->0->9->7->1->2->end
#132:
->0->9->7->6->5->4->end
#133:
->4->end
->0->9->7->6->8->2->end
#134:
->0->9->7->6->5->4->2->end
#135:
->4->end
->0->9->7->6->8->1->2->end
#136:
->0->9->7->6->8->2->4->end
#137:
->0->9->7->6->8->1->2->4->end
#138:
->3->6->5->4->end
->0->9->7->1->8->2->end
#139:
->4->end
->0->9->7->1->8->2->end
#140:
->0->9->7->1->2->4->end
#141:
->0->9->7->1->2->8->6->5->4->end
#142:
->0->9->7->1->8->2->4->end
#143:
->0->9->7->1->8->6->5->4->end
#144:
->0->9->7->1->8->6->5->4->2->end
#145:
->0->9->1->7->end
->3->6->5->4->end
#146:
->4->end
->3->6->8->2->end
->0->9->1->7->end
#147:
->0->9->1->7->end
->3->6->5->4->2->end
#148:
->0->9->1->7->end
->3->6->8->2->4->end
#149:
->4->2->end
->0->9->1->7->end
#150:
->0->9->1->7->end
->4->5->6->8->2->end
#151:
->4->end
->3->6->7->end
->0->9->1->8->2->end
#152:
->3->6->5->4->end
->0->9->1->8->2->end
#153:
->4->5->6->7->end
->0->9->1->8->2->end
#154:
->3->6->7->end
->0->9->1->2->4->end
#155:
->4->end
->0->9->1->2->8->6->7->end
#156:
->0->9->1->2->8->6->5->4->end
#157:
->0->9->1->2->4->5->6->7->end
#158:
->0->9->1->7->6->5->4->end
#159:
->4->end
->0->9->1->7->6->8->2->end
#160:
->0->9->1->7->6->5->4->2->end
#161:
->0->9->1->7->6->8->2->4->end
#162:
->3->6->7->end
->0->9->1->8->2->4->end
#163:
->0->9->1->8->2->4->5->6->7->end
#164:
->4->end
->0->9->1->8->6->7->end
#165:
->4->2->end
->0->9->1->8->6->7->end
#166:
->0->9->1->8->6->5->4->end
#167:
->0->9->1->8->6->5->4->2->end
#168:
->0->1->7->end
->3->6->5->4->end
#169:
->4->end
->0->1->7->end
->3->6->8->2->end
#170:
->0->1->7->end
->3->6->9->4->end
#171:
->0->1->7->end
->3->6->9->4->2->end
#172:
->0->1->7->end
->3->6->5->4->2->end
#173:
->0->1->7->end
->3->6->8->2->4->end
#174:
->4->2->end
->0->1->7->end
#175:
->0->1->7->end
->4->9->6->8->2->end
#176:
->0->1->7->end
->4->5->6->8->2->end
#177:
->4->end
->3->6->7->end
->0->1->8->2->end
#178:
->0->1->8->2->end
->3->6->5->4->end
#179:
->0->1->8->2->end
->3->6->9->4->end
#180:
->4->end
->3->6->9->7->end
->0->1->8->2->end
#181:
->0->1->8->2->end
->3->6->7->9->4->end
#182:
->0->1->8->2->end
->3->6->5->4->9->7->end
#183:
->4->9->7->end
->0->1->8->2->end
#184:
->0->1->8->2->end
->4->9->6->7->end
#185:
->0->1->8->2->end
->4->5->6->7->end
#186:
->0->1->8->2->end
->4->5->6->9->7->end
#187:
->3->6->7->end
->0->1->9->4->end
#188:
->0->1->9->4->end
->3->6->8->2->end
#189:
->3->6->7->end
->0->1->2->4->end
#190:
->0->1->2->4->end
->3->6->9->7->end
#191:
->0->1->2->8->6->9->4->end
#192:
->4->end
->0->1->2->8->6->7->end
#193:
->0->1->2->8->6->5->4->end
#194:
->4->end
->0->1->2->8->6->9->7->end
#195:
->0->1->2->8->6->7->9->4->end
#196:
->0->1->2->8->6->5->4->9->7->end
#197:
->0->1->2->4->9->7->end
#198:
->0->1->2->4->9->6->7->end
#199:
->0->1->2->4->5->6->9->7->end
#200:
->0->1->2->4->5->6->7->end
#201:
->3->6->8->2->end
->0->1->7->9->4->end
#202:
->0->1->7->6->9->4->end
#203:
->0->1->7->6->5->4->end
#204:
->4->end
->0->1->7->6->8->2->end
#205:
->0->1->7->6->9->4->2->end
#206:
->0->1->7->6->5->4->2->end
#207:
->0->1->7->6->8->2->4->end
#208:
->0->1->7->9->4->2->end
#209:
->0->1->7->9->4->5->6->8->2->end
#210:
->0->1->7->9->6->5->4->end
#211:
->4->end
->0->1->7->9->6->8->2->end
#212:
->0->1->7->9->6->5->4->2->end
#213:
->0->1->7->9->6->8->2->4->end
#214:
->3->6->7->end
->0->1->8->2->4->end
#215:
->3->6->9->7->end
->0->1->8->2->4->end
#216:
->0->1->8->2->4->9->7->end
#217:
->0->1->8->2->4->9->6->7->end
#218:
->0->1->8->2->4->5->6->9->7->end
#219:
->0->1->8->2->4->5->6->7->end
#220:
->0->1->8->6->9->4->end
#221:
->4->end
->0->1->8->6->7->end
#222:
->4->2->end
->0->1->8->6->7->end
#223:
->0->1->8->6->5->4->end
#224:
->4->end
->0->1->8->6->9->7->end
#225:
->4->2->end
->0->1->8->6->9->7->end
#226:
->0->1->8->6->9->4->2->end
#227:
->0->1->8->6->7->9->4->end
#228:
->0->1->8->6->7->9->4->2->end
#229:
->0->1->8->6->5->4->2->end
#230:
->0->1->8->6->5->4->9->7->end
#231:
->0->1->9->7->end
->3->6->5->4->end
#232:
->4->end
->3->6->8->2->end
->0->1->9->7->end
#233:
->0->1->9->7->end
->3->6->5->4->2->end
#234:
->0->1->9->7->end
->3->6->8->2->4->end
#235:
->4->2->end
->0->1->9->7->end
#236:
->0->1->9->7->end
->4->5->6->8->2->end
#237:
->3->6->7->end
->0->1->9->4->2->end
#238:
->0->1->9->4->2->8->6->7->end
#239:
->0->1->9->4->5->6->7->end
#240:
->0->1->9->4->5->6->8->2->end
#241:
->4->end
->0->1->9->6->7->end
#242:
->4->2->end
->0->1->9->6->7->end
#243:
->0->1->9->6->5->4->end
#244:
->4->end
->0->1->9->6->8->2->end
#245:
->0->1->9->6->5->4->2->end
#246:
->0->1->9->6->8->2->4->end
#247:
->0->1->9->7->6->5->4->end
#248:
->4->end
->0->1->9->7->6->8->2->end
#249:
->0->1->9->7->6->5->4->2->end
#250:
->0->1->9->7->6->8->2->4->end
#251:
->4->end
->0->3->6->7->end
#252:
->4->2->end
->0->3->6->7->end
#253:
->0->3->6->7->end
->4->9->1->2->end
#254:
->0->3->6->7->end
->4->9->1->8->2->end
#255:
->0->3->6->5->4->end
#256:
->4->end
->0->3->6->8->2->end
#257:
->4->9->7->end
->0->3->6->8->2->end
#258:
->4->9->1->7->end
->0->3->6->8->2->end
#259:
->4->end
->0->3->6->9->7->end
#260:
->4->2->end
->0->3->6->9->7->end
#261:
->4->end
->0->3->6->9->1->2->end
#262:
->0->3->6->9->4->2->end
#263:
->0->3->6->9->4->2->1->7->end
#264:
->0->3->6->9->4->2->8->1->7->end
#265:
->4->end
->0->3->6->9->7->1->2->end
#266:
->4->end
->0->3->6->9->7->1->8->2->end
#267:
->0->3->6->9->7->1->2->4->end
#268:
->0->3->6->9->7->1->8->2->4->end
#269:
->4->end
->0->3->6->9->1->7->end
#270:
->4->2->end
->0->3->6->9->1->7->end
#271:
->4->end
->0->3->6->9->1->8->2->end
#272:
->0->3->6->9->1->2->4->end
#273:
->0->3->6->9->1->8->2->4->end
#274:
->4->end
->0->3->6->7->1->2->end
#275:
->0->3->6->7->9->4->end
#276:
->4->end
->0->3->6->7->1->8->2->end
#277:
->0->3->6->7->1->9->4->end
#278:
->0->3->6->7->1->2->4->end
#279:
->0->3->6->7->1->8->2->4->end
#280:
->0->3->6->7->1->9->4->2->end
#281:
->4->end
->0->3->6->7->9->1->2->end
#282:
->0->3->6->7->9->4->2->end
#283:
->4->end
->0->3->6->7->9->1->8->2->end
#284:
->0->3->6->7->9->1->2->4->end
#285:
->0->3->6->7->9->1->8->2->4->end
#286:
->0->3->6->5->4->2->end
#287:
->0->3->6->5->4->9->7->end
#288:
->0->3->6->5->4->2->1->7->end
#289:
->0->3->6->5->4->2->8->1->7->end
#290:
->0->3->6->5->4->2->1->9->7->end
#291:
->0->3->6->5->4->2->8->1->9->7->end
#292:
->0->3->6->5->4->9->1->2->end
#293:
->0->3->6->5->4->9->7->1->2->end
#294:
->0->3->6->5->4->9->7->1->8->2->end
#295:
->0->3->6->5->4->9->1->7->end
#296:
->0->3->6->5->4->9->1->8->2->end
#297:
->4->end
->0->3->6->8->1->2->end
#298:
->4->9->7->end
->0->3->6->8->1->2->end
#299:
->4->end
->0->3->6->8->2->1->7->end
#300:
->0->3->6->8->2->4->end
#301:
->0->3->6->8->2->1->9->4->end
#302:
->0->3->6->8->2->1->7->9->4->end
#303:
->4->end
->0->3->6->8->2->1->9->7->end
#304:
->0->3->6->8->2->4->9->7->end
#305:
->0->3->6->8->2->4->9->1->7->end
#306:
->4->end
->0->3->6->8->1->7->end
#307:
->4->2->end
->0->3->6->8->1->7->end
#308:
->0->3->6->8->1->9->4->end
#309:
->0->3->6->8->1->2->4->end
#310:
->0->3->6->8->1->2->4->9->7->end
#311:
->0->3->6->8->1->7->9->4->end
#312:
->0->3->6->8->1->7->9->4->2->end
#313:
->4->end
->0->3->6->8->1->9->7->end
#314:
->4->2->end
->0->3->6->8->1->9->7->end
#315:
->0->3->6->8->1->9->4->2->end
#316:
->0->6->9->4->end
#317:
->4->end
->0->6->7->end
#318:
->4->2->end
->0->6->7->end
#319:
->0->6->7->end
->4->9->1->2->end
#320:
->0->6->7->end
->4->9->1->8->2->end
#321:
->0->6->5->4->end
#322:
->4->end
->0->6->8->2->end
#323:
->4->9->7->end
->0->6->8->2->end
#324:
->0->6->8->2->end
->4->9->1->7->end
#325:
->4->end
->0->6->9->7->end
#326:
->4->2->end
->0->6->9->7->end
#327:
->4->end
->0->6->9->1->2->end
#328:
->0->6->9->4->2->end
#329:
->0->6->9->4->2->1->7->end
#330:
->0->6->9->4->2->8->1->7->end
#331:
->4->end
->0->6->9->7->1->2->end
#332:
->4->end
->0->6->9->7->1->8->2->end
#333:
->0->6->9->7->1->2->4->end
#334:
->0->6->9->7->1->8->2->4->end
#335:
->4->end
->0->6->9->1->7->end
#336:
->4->2->end
->0->6->9->1->7->end
#337:
->4->end
->0->6->9->1->8->2->end
#338:
->0->6->9->1->2->4->end
#339:
->0->6->9->1->8->2->4->end
#340:
->4->end
->0->6->7->1->2->end
#341:
->0->6->7->9->4->end
#342:
->4->end
->0->6->7->1->8->2->end
#343:
->0->6->7->1->9->4->end
#344:
->0->6->7->1->2->4->end
#345:
->0->6->7->1->8->2->4->end
#346:
->0->6->7->1->9->4->2->end
#347:
->4->end
->0->6->7->9->1->2->end
#348:
->0->6->7->9->4->2->end
#349:
->4->end
->0->6->7->9->1->8->2->end
#350:
->0->6->7->9->1->2->4->end
#351:
->0->6->7->9->1->8->2->4->end
#352:
->0->6->5->4->2->end
#353:
->0->6->5->4->9->7->end
#354:
->0->6->5->4->2->1->7->end
#355:
->0->6->5->4->2->8->1->7->end
#356:
->0->6->5->4->2->1->9->7->end
#357:
->0->6->5->4->2->8->1->9->7->end
#358:
->0->6->5->4->9->1->2->end
#359:
->0->6->5->4->9->7->1->2->end
#360:
->0->6->5->4->9->7->1->8->2->end
#361:
->0->6->5->4->9->1->7->end
#362:
->0->6->5->4->9->1->8->2->end
#363:
->4->end
->0->6->8->1->2->end
#364:
->4->9->7->end
->0->6->8->1->2->end
#365:
->4->end
->0->6->8->2->1->7->end
#366:
->0->6->8->2->4->end
#367:
->0->6->8->2->1->9->4->end
#368:
->0->6->8->2->1->7->9->4->end
#369:
->4->end
->0->6->8->2->1->9->7->end
#370:
->0->6->8->2->4->9->7->end
#371:
->0->6->8->2->4->9->1->7->end
#372:
->4->end
->0->6->8->1->7->end
#373:
->4->2->end
->0->6->8->1->7->end
#374:
->0->6->8->1->9->4->end
#375:
->0->6->8->1->2->4->end
#376:
->0->6->8->1->2->4->9->7->end
#377:
->0->6->8->1->7->9->4->end
#378:
->0->6->8->1->7->9->4->2->end
#379:
->4->end
->0->6->8->1->9->7->end
#380:
->4->2->end
->0->6->8->1->9->7->end
#381:
->0->6->8->1->9->4->2->end
#382:
->3->0->4->end
#383:
->3->6->9->0->4->end
#384:
->3->0->9->4->end
#385:
->4->end
->3->0->1->2->end
#386:
->4->9->7->end
->3->0->1->2->end
#387:
->3->0->1->2->end
->4->9->6->7->end
#388:
->3->0->1->2->end
->4->5->6->7->end
#389:
->3->0->1->2->end
->4->5->6->9->7->end
#390:
->3->0->6->9->4->end
#391:
->3->0->4->2->end
#392:
->3->0->4->9->6->7->end
#393:
->3->0->4->5->6->9->7->end
#394:
->3->0->4->2->1->7->end
#395:
->3->0->4->2->8->1->7->end
#396:
->3->0->4->2->1->8->6->9->7->end
#397:
->3->0->4->2->1->9->6->7->end
#398:
->3->0->4->2->1->8->6->7->end
#399:
->3->0->4->2->1->9->7->end
#400:
->3->0->4->2->8->6->9->7->end
#401:
->3->0->4->2->8->1->9->6->7->end
#402:
->3->0->4->2->8->1->9->7->end
#403:
->3->0->4->2->8->6->7->end
#404:
->3->0->4->2->8->6->9->1->7->end
#405:
->3->0->4->9->7->end
#406:
->3->0->4->9->1->2->end
#407:
->3->0->4->9->6->8->2->end
#408:
->3->0->4->9->6->7->1->2->end
#409:
->3->0->4->9->6->7->1->8->2->end
#410:
->3->0->4->9->6->8->1->2->end
#411:
->3->0->4->9->6->8->2->1->7->end
#412:
->3->0->4->9->6->8->1->7->end
#413:
->3->0->4->9->7->1->2->end
#414:
->3->0->4->9->7->6->8->2->end
#415:
->3->0->4->9->7->6->8->1->2->end
#416:
->3->0->4->9->7->1->8->2->end
#417:
->3->0->4->9->1->7->end
#418:
->3->0->4->9->1->8->2->end
#419:
->3->0->4->9->1->2->8->6->7->end
#420:
->3->0->4->9->1->7->6->8->2->end
#421:
->3->0->4->9->1->8->6->7->end
#422:
->3->0->4->5->6->7->end
#423:
->3->0->4->5->6->8->2->end
#424:
->3->0->4->5->6->9->1->2->end
#425:
->3->0->4->5->6->9->7->1->2->end
#426:
->3->0->4->5->6->9->7->1->8->2->end
#427:
->3->0->4->5->6->9->1->7->end
#428:
->3->0->4->5->6->9->1->8->2->end
#429:
->3->0->4->5->6->7->1->2->end
#430:
->3->0->4->5->6->7->9->1->2->end
#431:
->3->0->4->5->6->7->1->8->2->end
#432:
->3->0->4->5->6->7->9->1->8->2->end
#433:
->3->0->4->5->6->8->1->2->end
#434:
->3->0->4->5->6->8->2->1->7->end
#435:
->3->0->4->5->6->8->2->1->9->7->end
#436:
->3->0->4->5->6->8->1->7->end
#437:
->3->0->4->5->6->8->1->9->7->end
#438:
->4->end
->3->0->9->6->7->end
#439:
->4->2->end
->3->0->9->6->7->end
#440:
->4->end
->3->0->9->7->end
#441:
->4->2->end
->3->0->9->7->end
#442:
->3->0->9->7->end
->4->5->6->8->2->end
#443:
->3->0->9->7->end
->4->5->6->8->1->2->end
#444:
->4->end
->3->0->9->1->2->end
#445:
->4->5->6->7->end
->3->0->9->1->2->end
#446:
->3->0->9->4->2->end
#447:
->3->0->9->4->5->6->7->end
#448:
->3->0->9->4->2->1->7->end
#449:
->3->0->9->4->2->8->1->7->end
#450:
->3->0->9->4->2->1->8->6->7->end
#451:
->3->0->9->4->2->8->6->7->end
#452:
->3->0->9->4->5->6->8->2->end
#453:
->3->0->9->4->5->6->7->1->2->end
#454:
->3->0->9->4->5->6->7->1->8->2->end
#455:
->3->0->9->4->5->6->8->1->2->end
#456:
->3->0->9->4->5->6->8->2->1->7->end
#457:
->3->0->9->4->5->6->8->1->7->end
#458:
->3->0->9->6->5->4->end
#459:
->4->end
->3->0->9->6->8->2->end
#460:
->4->end
->3->0->9->6->7->1->2->end
#461:
->4->end
->3->0->9->6->7->1->8->2->end
#462:
->3->0->9->6->7->1->2->4->end
#463:
->3->0->9->6->7->1->8->2->4->end
#464:
->3->0->9->6->5->4->2->end
#465:
->3->0->9->6->5->4->2->1->7->end
#466:
->3->0->9->6->5->4->2->8->1->7->end
#467:
->4->end
->3->0->9->6->8->1->2->end
#468:
->4->end
->3->0->9->6->8->2->1->7->end
#469:
->3->0->9->6->8->2->4->end
#470:
->4->end
->3->0->9->6->8->1->7->end
#471:
->4->2->end
->3->0->9->6->8->1->7->end
#472:
->3->0->9->6->8->1->2->4->end
#473:
->3->0->9->7->6->5->4->end
#474:
->4->end
->3->0->9->7->1->2->end
#475:
->4->end
->3->0->9->7->6->8->2->end
#476:
->3->0->9->7->6->5->4->2->end
#477:
->4->end
->3->0->9->7->6->8->1->2->end
#478:
->3->0->9->7->6->8->2->4->end
#479:
->3->0->9->7->6->8->1->2->4->end
#480:
->4->end
->3->0->9->7->1->8->2->end
#481:
->3->0->9->7->1->2->8->6->5->4->end
#482:
->3->0->9->7->1->2->4->end
#483:
->3->0->9->7->1->8->6->5->4->end
#484:
->3->0->9->7->1->8->2->4->end
#485:
->3->0->9->7->1->8->6->5->4->2->end
#486:
->4->end
->3->0->9->1->7->end
#487:
->4->2->end
->3->0->9->1->7->end
#488:
->3->0->9->1->7->end
->4->5->6->8->2->end
#489:
->4->end
->3->0->9->1->8->2->end
#490:
->4->5->6->7->end
->3->0->9->1->8->2->end
#491:
->4->end
->3->0->9->1->2->8->6->7->end
#492:
->3->0->9->1->2->4->end
#493:
->3->0->9->1->2->8->6->5->4->end
#494:
->3->0->9->1->2->4->5->6->7->end
#495:
->3->0->9->1->7->6->5->4->end
#496:
->4->end
->3->0->9->1->7->6->8->2->end
#497:
->3->0->9->1->7->6->5->4->2->end
#498:
->3->0->9->1->7->6->8->2->4->end
#499:
->4->end
->3->0->9->1->8->6->7->end
#500:
->4->2->end
->3->0->9->1->8->6->7->end
#501:
->3->0->9->1->8->2->4->end
#502:
->3->0->9->1->8->2->4->5->6->7->end
#503:
->3->0->9->1->8->6->5->4->end
#504:
->3->0->9->1->8->6->5->4->2->end
#505:
->4->end
->3->0->1->7->end
#506:
->4->2->end
->3->0->1->7->end
#507:
->3->0->1->7->end
->4->9->6->8->2->end
#508:
->3->0->1->7->end
->4->5->6->8->2->end
#509:
->4->end
->3->0->1->8->2->end
#510:
->4->9->7->end
->3->0->1->8->2->end
#511:
->4->9->6->7->end
->3->0->1->8->2->end
#512:
->4->5->6->7->end
->3->0->1->8->2->end
#513:
->3->0->1->8->2->end
->4->5->6->9->7->end
#514:
->3->0->1->9->4->end
#515:
->3->0->1->2->8->6->9->4->end
#516:
->3->0->1->2->4->end
#517:
->4->end
->3->0->1->2->8->6->7->end
#518:
->3->0->1->2->8->6->5->4->end
#519:
->4->end
->3->0->1->2->8->6->9->7->end
#520:
->3->0->1->2->8->6->7->9->4->end
#521:
->3->0->1->2->8->6->5->4->9->7->end
#522:
->3->0->1->2->4->9->6->7->end
#523:
->3->0->1->2->4->5->6->9->7->end
#524:
->3->0->1->2->4->9->7->end
#525:
->3->0->1->2->4->5->6->7->end
#526:
->3->0->1->7->6->9->4->end
#527:
->3->0->1->7->9->4->end
#528:
->3->0->1->7->6->5->4->end
#529:
->4->end
->3->0->1->7->6->8->2->end
#530:
->3->0->1->7->6->9->4->2->end
#531:
->3->0->1->7->6->5->4->2->end
#532:
->3->0->1->7->6->8->2->4->end
#533:
->3->0->1->7->9->6->5->4->end
#534:
->3->0->1->7->9->4->2->end
#535:
->3->0->1->7->9->4->5->6->8->2->end
#536:
->4->end
->3->0->1->7->9->6->8->2->end
#537:
->3->0->1->7->9->6->5->4->2->end
#538:
->3->0->1->7->9->6->8->2->4->end
#539:
->3->0->1->8->6->9->4->end
#540:
->3->0->1->8->2->4->end
#541:
->3->0->1->8->2->4->9->6->7->end
#542:
->3->0->1->8->2->4->5->6->9->7->end
#543:
->3->0->1->8->2->4->9->7->end
#544:
->3->0->1->8->2->4->5->6->7->end
#545:
->4->end
->3->0->1->8->6->7->end
#546:
->4->2->end
->3->0->1->8->6->7->end
#547:
->3->0->1->8->6->5->4->end
#548:
->4->end
->3->0->1->8->6->9->7->end
#549:
->4->2->end
->3->0->1->8->6->9->7->end
#550:
->3->0->1->8->6->9->4->2->end
#551:
->3->0->1->8->6->7->9->4->end
#552:
->3->0->1->8->6->7->9->4->2->end
#553:
->3->0->1->8->6->5->4->2->end
#554:
->3->0->1->8->6->5->4->9->7->end
#555:
->4->end
->3->0->1->9->6->7->end
#556:
->4->2->end
->3->0->1->9->6->7->end
#557:
->4->end
->3->0->1->9->7->end
#558:
->4->2->end
->3->0->1->9->7->end
#559:
->3->0->1->9->7->end
->4->5->6->8->2->end
#560:
->3->0->1->9->4->2->end
#561:
->3->0->1->9->4->5->6->7->end
#562:
->3->0->1->9->4->2->8->6->7->end
#563:
->3->0->1->9->4->5->6->8->2->end
#564:
->3->0->1->9->6->5->4->end
#565:
->4->end
->3->0->1->9->6->8->2->end
#566:
->3->0->1->9->6->5->4->2->end
#567:
->3->0->1->9->6->8->2->4->end
#568:
->3->0->1->9->7->6->5->4->end
#569:
->4->end
->3->0->1->9->7->6->8->2->end
#570:
->3->0->1->9->7->6->5->4->2->end
#571:
->3->0->1->9->7->6->8->2->4->end
#572:
->4->end
->3->0->6->7->end
#573:
->4->2->end
->3->0->6->7->end
#574:
->3->0->6->7->end
->4->9->1->2->end
#575:
->3->0->6->7->end
->4->9->1->8->2->end
#576:
->3->0->6->5->4->end
#577:
->4->end
->3->0->6->8->2->end
#578:
->4->9->7->end
->3->0->6->8->2->end
#579:
->4->9->1->7->end
->3->0->6->8->2->end
#580:
->4->end
->3->0->6->9->7->end
#581:
->4->2->end
->3->0->6->9->7->end
#582:
->4->end
->3->0->6->9->1->2->end
#583:
->3->0->6->9->4->2->end
#584:
->3->0->6->9->4->2->1->7->end
#585:
->3->0->6->9->4->2->8->1->7->end
#586:
->4->end
->3->0->6->9->7->1->2->end
#587:
->4->end
->3->0->6->9->7->1->8->2->end
#588:
->3->0->6->9->7->1->2->4->end
#589:
->3->0->6->9->7->1->8->2->4->end
#590:
->4->end
->3->0->6->9->1->7->end
#591:
->4->2->end
->3->0->6->9->1->7->end
#592:
->4->end
->3->0->6->9->1->8->2->end
#593:
->3->0->6->9->1->2->4->end
#594:
->3->0->6->9->1->8->2->4->end
#595:
->4->end
->3->0->6->7->1->2->end
#596:
->3->0->6->7->9->4->end
#597:
->4->end
->3->0->6->7->1->8->2->end
#598:
->3->0->6->7->1->9->4->end
#599:
->3->0->6->7->1->2->4->end
#600:
->3->0->6->7->1->8->2->4->end
#601:
->3->0->6->7->1->9->4->2->end
#602:
->4->end
->3->0->6->7->9->1->2->end
#603:
->3->0->6->7->9->4->2->end
#604:
->4->end
->3->0->6->7->9->1->8->2->end
#605:
->3->0->6->7->9->1->2->4->end
#606:
->3->0->6->7->9->1->8->2->4->end
#607:
->3->0->6->5->4->2->end
#608:
->3->0->6->5->4->9->7->end
#609:
->3->0->6->5->4->2->1->7->end
#610:
->3->0->6->5->4->2->8->1->7->end
#611:
->3->0->6->5->4->2->1->9->7->end
#612:
->3->0->6->5->4->2->8->1->9->7->end
#613:
->3->0->6->5->4->9->1->2->end
#614:
->3->0->6->5->4->9->7->1->2->end
#615:
->3->0->6->5->4->9->7->1->8->2->end
#616:
->3->0->6->5->4->9->1->7->end
#617:
->3->0->6->5->4->9->1->8->2->end
#618:
->4->end
->3->0->6->8->1->2->end
#619:
->4->9->7->end
->3->0->6->8->1->2->end
#620:
->4->end
->3->0->6->8->2->1->7->end
#621:
->3->0->6->8->2->4->end
#622:
->3->0->6->8->2->1->9->4->end
#623:
->3->0->6->8->2->1->7->9->4->end
#624:
->4->end
->3->0->6->8->2->1->9->7->end
#625:
->3->0->6->8->2->4->9->7->end
#626:
->3->0->6->8->2->4->9->1->7->end
#627:
->4->end
->3->0->6->8->1->7->end
#628:
->4->2->end
->3->0->6->8->1->7->end
#629:
->3->0->6->8->1->9->4->end
#630:
->3->0->6->8->1->2->4->end
#631:
->3->0->6->8->1->2->4->9->7->end
#632:
->3->0->6->8->1->7->9->4->end
#633:
->3->0->6->8->1->7->9->4->2->end
#634:
->4->end
->3->0->6->8->1->9->7->end
#635:
->4->2->end
->3->0->6->8->1->9->7->end
#636:
->3->0->6->8->1->9->4->2->end
#637:
->4->2->end
->3->6->7->end
#638:
->3->6->7->end
->4->9->0->1->2->end
#639:
->3->6->7->end
->4->0->1->2->end
#640:
->3->6->7->end
->4->0->9->1->2->end
#641:
->3->6->7->end
->4->0->9->1->8->2->end
#642:
->3->6->7->end
->4->0->1->8->2->end
#643:
->3->6->7->end
->4->9->0->1->8->2->end
#644:
->3->6->7->end
->4->9->1->2->end
#645:
->3->6->7->end
->4->9->1->8->2->end
#646:
->3->6->0->4->end
#647:
->3->6->8->2->end
->4->0->9->7->end
#648:
->3->6->8->2->end
->4->0->9->1->7->end
#649:
->3->6->8->2->end
->4->0->1->7->end
#650:
->3->6->8->2->end
->4->0->1->9->7->end
#651:
->4->9->7->end
->3->6->8->2->end
#652:
->3->6->8->2->end
->4->9->0->1->7->end
#653:
->3->6->8->2->end
->4->9->1->7->end
#654:
->4->2->end
->3->6->9->7->end
#655:
->3->6->9->7->end
->4->0->1->2->end
#656:
->3->6->9->7->end
->4->0->1->8->2->end
#657:
->3->6->9->1->0->4->end
#658:
->4->end
->3->6->9->0->1->2->end
#659:
->3->6->9->0->4->2->end
#660:
->3->6->9->0->4->2->1->7->end
#661:
->3->6->9->0->4->2->8->1->7->end
#662:
->4->end
->3->6->9->0->1->7->end
#663:
->4->2->end
->3->6->9->0->1->7->end
#664:
->4->end
->3->6->9->0->1->8->2->end
#665:
->3->6->9->0->1->2->4->end
#666:
->3->6->9->0->1->8->2->4->end
#667:
->3->6->9->4->0->1->2->end
#668:
->3->6->9->4->0->1->7->end
#669:
->3->6->9->4->0->1->8->2->end
#670:
->3->6->9->4->2->1->7->end
#671:
->3->6->9->4->2->8->1->7->end
#672:
->3->6->9->7->1->0->4->end
#673:
->4->end
->3->6->9->7->1->2->end
#674:
->4->end
->3->6->9->7->1->8->2->end
#675:
->3->6->9->7->1->0->4->2->end
#676:
->3->6->9->7->1->2->4->end
#677:
->3->6->9->7->1->8->2->4->end
#678:
->4->end
->3->6->9->1->2->end
#679:
->4->end
->3->6->9->1->7->end
#680:
->4->2->end
->3->6->9->1->7->end
#681:
->4->end
->3->6->9->1->8->2->end
#682:
->3->6->9->1->0->4->2->end
#683:
->3->6->9->1->2->4->end
#684:
->3->6->9->1->8->2->4->end
#685:
->3->6->7->1->0->4->end
#686:
->3->6->7->9->0->4->end
#687:
->4->end
->3->6->7->1->2->end
#688:
->4->end
->3->6->7->1->8->2->end
#689:
->3->6->7->1->9->0->4->end
#690:
->3->6->7->1->0->9->4->end
#691:
->3->6->7->1->0->4->2->end
#692:
->3->6->7->1->0->9->4->2->end
#693:
->3->6->7->1->2->4->end
#694:
->3->6->7->1->8->2->4->end
#695:
->3->6->7->1->9->4->end
#696:
->3->6->7->1->9->0->4->2->end
#697:
->3->6->7->1->9->4->2->end
#698:
->3->6->7->9->1->0->4->end
#699:
->4->end
->3->6->7->9->0->1->2->end
#700:
->3->6->7->9->0->4->2->end
#701:
->4->end
->3->6->7->9->0->1->8->2->end
#702:
->3->6->7->9->0->1->2->4->end
#703:
->3->6->7->9->0->1->8->2->4->end
#704:
->3->6->7->9->4->0->1->2->end
#705:
->3->6->7->9->4->2->end
#706:
->3->6->7->9->4->0->1->8->2->end
#707:
->4->end
->3->6->7->9->1->2->end
#708:
->4->end
->3->6->7->9->1->8->2->end
#709:
->3->6->7->9->1->0->4->2->end
#710:
->3->6->7->9->1->2->4->end
#711:
->3->6->7->9->1->8->2->4->end
#712:
->3->6->0->9->4->end
#713:
->4->end
->3->6->0->1->2->end
#714:
->4->9->7->end
->3->6->0->1->2->end
#715:
->3->6->0->4->2->end
#716:
->3->6->0->4->9->7->end
#717:
->3->6->0->4->2->1->7->end
#718:
->3->6->0->4->2->8->1->7->end
#719:
->3->6->0->4->2->1->9->7->end
#720:
->3->6->0->4->2->8->1->9->7->end
#721:
->3->6->0->4->9->1->2->end
#722:
->3->6->0->4->9->7->1->2->end
#723:
->3->6->0->4->9->7->1->8->2->end
#724:
->3->6->0->4->9->1->7->end
#725:
->3->6->0->4->9->1->8->2->end
#726:
->4->end
->3->6->0->9->7->end
#727:
->4->2->end
->3->6->0->9->7->end
#728:
->4->end
->3->6->0->9->1->2->end
#729:
->3->6->0->9->4->2->end
#730:
->3->6->0->9->4->2->1->7->end
#731:
->3->6->0->9->4->2->8->1->7->end
#732:
->4->end
->3->6->0->9->7->1->2->end
#733:
->4->end
->3->6->0->9->7->1->8->2->end
#734:
->3->6->0->9->7->1->2->4->end
#735:
->3->6->0->9->7->1->8->2->4->end
#736:
->4->end
->3->6->0->9->1->7->end
#737:
->4->2->end
->3->6->0->9->1->7->end
#738:
->4->end
->3->6->0->9->1->8->2->end
#739:
->3->6->0->9->1->2->4->end
#740:
->3->6->0->9->1->8->2->4->end
#741:
->4->end
->3->6->0->1->7->end
#742:
->4->2->end
->3->6->0->1->7->end
#743:
->4->end
->3->6->0->1->8->2->end
#744:
->4->9->7->end
->3->6->0->1->8->2->end
#745:
->3->6->0->1->9->4->end
#746:
->3->6->0->1->2->4->end
#747:
->3->6->0->1->2->4->9->7->end
#748:
->3->6->0->1->7->9->4->end
#749:
->3->6->0->1->7->9->4->2->end
#750:
->3->6->0->1->8->2->4->end
#751:
->3->6->0->1->8->2->4->9->7->end
#752:
->4->end
->3->6->0->1->9->7->end
#753:
->4->2->end
->3->6->0->1->9->7->end
#754:
->3->6->0->1->9->4->2->end
#755:
->3->6->5->4->0->9->7->end
#756:
->3->6->5->4->9->0->1->2->end
#757:
->3->6->5->4->0->1->2->end
#758:
->3->6->5->4->0->9->1->2->end
#759:
->3->6->5->4->0->9->7->1->2->end
#760:
->3->6->5->4->0->9->7->1->8->2->end
#761:
->3->6->5->4->0->9->1->7->end
#762:
->3->6->5->4->0->9->1->8->2->end
#763:
->3->6->5->4->0->1->7->end
#764:
->3->6->5->4->0->1->8->2->end
#765:
->3->6->5->4->0->1->9->7->end
#766:
->3->6->5->4->2->1->0->9->7->end
#767:
->3->6->5->4->2->8->1->0->9->7->end
#768:
->3->6->5->4->2->1->7->end
#769:
->3->6->5->4->2->1->9->7->end
#770:
->3->6->5->4->2->8->1->7->end
#771:
->3->6->5->4->2->8->1->9->7->end
#772:
->3->6->5->4->9->0->1->7->end
#773:
->3->6->5->4->9->0->1->8->2->end
#774:
->3->6->5->4->9->7->1->2->end
#775:
->3->6->5->4->9->7->1->8->2->end
#776:
->3->6->5->4->9->1->2->end
#777:
->3->6->5->4->9->1->7->end
#778:
->3->6->5->4->9->1->8->2->end
#779:
->3->6->8->1->0->4->end
#780:
->3->6->8->2->1->0->4->end
#781:
->4->end
->3->6->8->2->1->7->end
#782:
->3->6->8->2->1->9->0->4->end
#783:
->3->6->8->2->1->0->9->4->end
#784:
->3->6->8->2->1->0->4->9->7->end
#785:
->4->end
->3->6->8->2->1->0->9->7->end
#786:
->3->6->8->2->1->7->9->0->4->end
#787:
->3->6->8->2->1->7->9->4->end
#788:
->3->6->8->2->1->9->4->end
#789:
->4->end
->3->6->8->2->1->9->7->end
#790:
->3->6->8->2->4->0->9->7->end
#791:
->3->6->8->2->4->9->0->1->7->end
#792:
->3->6->8->2->4->0->1->7->end
#793:
->3->6->8->2->4->0->9->1->7->end
#794:
->3->6->8->2->4->0->1->9->7->end
#795:
->3->6->8->2->4->9->7->end
#796:
->3->6->8->2->4->9->1->7->end
#797:
->4->0->9->7->end
->3->6->8->1->2->end
#798:
->4->9->7->end
->3->6->8->1->2->end
#799:
->4->end
->3->6->8->1->7->end
#800:
->4->2->end
->3->6->8->1->7->end
#801:
->3->6->8->1->9->0->4->end
#802:
->3->6->8->1->0->9->4->end
#803:
->3->6->8->1->0->4->2->end
#804:
->3->6->8->1->0->4->9->7->end
#805:
->4->end
->3->6->8->1->0->9->7->end
#806:
->4->2->end
->3->6->8->1->0->9->7->end
#807:
->3->6->8->1->0->9->4->2->end
#808:
->3->6->8->1->2->4->0->9->7->end
#809:
->3->6->8->1->2->4->9->7->end
#810:
->3->6->8->1->7->9->0->4->end
#811:
->3->6->8->1->7->9->4->end
#812:
->3->6->8->1->7->9->0->4->2->end
#813:
->3->6->8->1->7->9->4->2->end
#814:
->3->6->8->1->9->4->end
#815:
->4->end
->3->6->8->1->9->7->end
#816:
->4->2->end
->3->6->8->1->9->7->end
#817:
->3->6->8->1->9->0->4->2->end
#818:
->3->6->8->1->9->4->2->end
#819:
->4->5->6->3->0->9->7->end
#820:
->4->0->3->6->9->7->end
#821:
->4->0->9->6->7->end
#822:
->4->0->9->6->8->2->end
#823:
->4->0->9->6->7->1->2->end
#824:
->4->0->9->6->7->1->8->2->end
#825:
->4->0->9->6->8->1->2->end
#826:
->4->0->9->6->8->2->1->7->end
#827:
->4->0->9->6->8->1->7->end
#828:
->4->0->9->7->1->2->end
#829:
->4->0->9->7->6->8->2->end
#830:
->4->0->9->7->6->8->1->2->end
#831:
->4->0->9->7->1->8->2->end
#832:
->4->0->9->1->2->8->6->7->end
#833:
->4->0->9->1->7->6->8->2->end
#834:
->4->0->9->1->8->6->7->end
#835:
->4->0->1->2->8->6->9->7->end
#836:
->4->0->1->2->8->6->7->end
#837:
->4->0->1->7->6->8->2->end
#838:
->4->0->1->7->9->6->8->2->end
#839:
->4->0->1->8->6->9->7->end
#840:
->4->0->1->8->6->7->end
#841:
->4->0->1->9->6->7->end
#842:
->4->0->1->9->6->8->2->end
#843:
->4->0->1->9->7->6->8->2->end
#844:
->4->0->3->6->7->end
#845:
->4->0->3->6->8->2->end
#846:
->4->0->3->6->9->1->2->end
#847:
->4->0->3->6->9->7->1->2->end
#848:
->4->0->3->6->9->7->1->8->2->end
#849:
->4->0->3->6->9->1->7->end
#850:
->4->0->3->6->9->1->8->2->end
#851:
->4->0->3->6->7->1->2->end
#852:
->4->0->3->6->7->9->1->2->end
#853:
->4->0->3->6->7->1->8->2->end
#854:
->4->0->3->6->7->9->1->8->2->end
#855:
->4->0->3->6->8->1->2->end
#856:
->4->0->3->6->8->2->1->7->end
#857:
->4->0->3->6->8->2->1->9->7->end
#858:
->4->0->3->6->8->1->7->end
#859:
->4->0->3->6->8->1->9->7->end
#860:
->4->0->6->9->7->end
#861:
->4->0->6->7->end
#862:
->4->0->6->8->2->end
#863:
->4->0->6->9->1->2->end
#864:
->4->0->6->9->7->1->2->end
#865:
->4->0->6->9->7->1->8->2->end
#866:
->4->0->6->9->1->7->end
#867:
->4->0->6->9->1->8->2->end
#868:
->4->0->6->7->1->2->end
#869:
->4->0->6->7->9->1->2->end
#870:
->4->0->6->7->1->8->2->end
#871:
->4->0->6->7->9->1->8->2->end
#872:
->4->0->6->8->1->2->end
#873:
->4->0->6->8->2->1->7->end
#874:
->4->0->6->8->2->1->9->7->end
#875:
->4->0->6->8->1->7->end
#876:
->4->0->6->8->1->9->7->end
#877:
->4->2->1->7->end
#878:
->4->2->1->8->6->3->0->9->7->end
#879:
->4->2->1->9->0->3->6->7->end
#880:
->4->2->1->0->3->6->9->7->end
#881:
->4->2->1->0->9->7->end
#882:
->4->2->1->0->9->6->7->end
#883:
->4->2->1->0->3->6->7->end
#884:
->4->2->1->0->6->9->7->end
#885:
->4->2->1->0->6->7->end
#886:
->4->2->1->8->6->7->end
#887:
->4->2->1->8->6->0->9->7->end
#888:
->4->2->1->8->6->9->7->end
#889:
->4->2->1->9->7->end
#890:
->4->2->1->9->0->6->7->end
#891:
->4->2->1->9->6->7->end
#892:
->4->2->8->6->3->0->9->7->end
#893:
->4->2->8->1->7->end
#894:
->4->2->8->1->9->0->3->6->7->end
#895:
->4->2->8->1->0->3->6->9->7->end
#896:
->4->2->8->1->0->9->7->end
#897:
->4->2->8->1->0->9->6->7->end
#898:
->4->2->8->1->0->3->6->7->end
#899:
->4->2->8->1->0->6->9->7->end
#900:
->4->2->8->1->0->6->7->end
#901:
->4->2->8->1->9->7->end
#902:
->4->2->8->1->9->0->6->7->end
#903:
->4->2->8->1->9->6->7->end
#904:
->4->2->8->6->9->0->1->7->end
#905:
->4->2->8->6->7->end
#906:
->4->2->8->6->0->9->7->end
#907:
->4->2->8->6->3->0->1->7->end
#908:
->4->2->8->6->3->0->9->1->7->end
#909:
->4->2->8->6->3->0->1->9->7->end
#910:
->4->2->8->6->9->7->end
#911:
->4->2->8->6->9->1->7->end
#912:
->4->2->8->6->0->1->7->end
#913:
->4->2->8->6->0->9->1->7->end
#914:
->4->2->8->6->0->1->9->7->end
#915:
->4->9->6->3->0->1->2->end
#916:
->4->9->1->0->3->6->7->end
#917:
->4->9->0->3->6->7->end
#918:
->4->9->0->1->2->8->6->7->end
#919:
->4->9->0->1->7->6->8->2->end
#920:
->4->9->0->1->8->6->7->end
#921:
->4->9->0->3->6->8->2->end
#922:
->4->9->0->3->6->7->1->2->end
#923:
->4->9->0->3->6->7->1->8->2->end
#924:
->4->9->0->3->6->8->1->2->end
#925:
->4->9->0->3->6->8->2->1->7->end
#926:
->4->9->0->3->6->8->1->7->end
#927:
->4->9->0->6->7->end
#928:
->4->9->0->6->8->2->end
#929:
->4->9->0->6->7->1->2->end
#930:
->4->9->0->6->7->1->8->2->end
#931:
->4->9->0->6->8->1->2->end
#932:
->4->9->0->6->8->2->1->7->end
#933:
->4->9->0->6->8->1->7->end
#934:
->4->9->6->0->1->2->end
#935:
->4->9->6->3->0->1->7->end
#936:
->4->9->6->3->0->1->8->2->end
#937:
->4->9->6->7->1->2->end
#938:
->4->9->6->7->1->8->2->end
#939:
->4->9->6->0->1->7->end
#940:
->4->9->6->0->1->8->2->end
#941:
->4->9->6->8->2->1->7->end
#942:
->4->9->6->8->1->2->end
#943:
->4->9->6->8->1->7->end
#944:
->4->9->7->6->3->0->1->2->end
#945:
->4->9->7->6->0->1->2->end
#946:
->4->9->7->6->8->2->end
#947:
->4->9->7->6->3->0->1->8->2->end
#948:
->4->9->7->6->0->1->8->2->end
#949:
->4->9->7->6->8->1->2->end
#950:
->4->9->7->1->2->end
#951:
->4->9->7->1->8->2->end
#952:
->4->9->7->1->0->3->6->8->2->end
#953:
->4->9->7->1->0->6->8->2->end
#954:
->4->9->1->0->3->6->8->2->end
#955:
->4->9->1->0->6->7->end
#956:
->4->9->1->0->6->8->2->end
#957:
->4->9->1->2->8->6->7->end
#958:
->4->9->1->7->6->8->2->end
#959:
->4->9->1->8->6->7->end
#960:
->4->5->6->9->0->1->2->end
#961:
->4->5->6->0->9->7->end
#962:
->4->5->6->3->0->1->2->end
#963:
->4->5->6->3->0->9->1->2->end
#964:
->4->5->6->3->0->9->7->1->2->end
#965:
->4->5->6->3->0->9->7->1->8->2->end
#966:
->4->5->6->3->0->9->1->7->end
#967:
->4->5->6->3->0->9->1->8->2->end
#968:
->4->5->6->3->0->1->7->end
#969:
->4->5->6->3->0->1->8->2->end
#970:
->4->5->6->3->0->1->9->7->end
#971:
->4->5->6->9->0->1->7->end
#972:
->4->5->6->9->0->1->8->2->end
#973:
->4->5->6->9->7->1->2->end
#974:
->4->5->6->9->7->1->8->2->end
#975:
->4->5->6->9->1->2->end
#976:
->4->5->6->9->1->7->end
#977:
->4->5->6->9->1->8->2->end
#978:
->4->5->6->7->9->0->1->2->end
#979:
->4->5->6->7->1->2->end
#980:
->4->5->6->7->1->8->2->end
#981:
->4->5->6->7->9->0->1->8->2->end
#982:
->4->5->6->7->9->1->2->end
#983:
->4->5->6->7->9->1->8->2->end
#984:
->4->5->6->0->1->2->end
#985:
->4->5->6->0->9->1->2->end
#986:
->4->5->6->0->9->7->1->2->end
#987:
->4->5->6->0->9->7->1->8->2->end
#988:
->4->5->6->0->9->1->7->end
#989:
->4->5->6->0->9->1->8->2->end
#990:
->4->5->6->0->1->7->end
#991:
->4->5->6->0->1->8->2->end
#992:
->4->5->6->0->1->9->7->end
#993:
->4->5->6->8->1->0->9->7->end
#994:
->4->5->6->8->2->1->0->9->7->end
#995:
->4->5->6->8->2->1->7->end
#996:
->4->5->6->8->2->1->9->7->end
#997:
->4->5->6->8->1->7->end
#998:
->4->5->6->8->1->9->7->end

Decision chosen - #25
Paths taken - 3
_________________________
L1-4 L2-3 L3-0
L1-end L2-6 L3-1 L4-4 L5-3 L6-0
L2-7 L3-2 L4-end L5-6 L6-1
L2-end L3-end L5-7 L6-2
L5-end L6-end
